e:\arxproject3\arxproject3\x64\debug\arxproject3.pch
e:\arxproject3\arxproject3\x64\debug\vc143.pdb
e:\arxproject3\arxproject3\x64\debug\stdafx.obj
e:\arxproject3\arxproject3\x64\debug\docdata.obj
e:\arxproject3\arxproject3\x64\debug\arxproject3.obj
e:\arxproject3\arxproject3\x64\debug\acrxentrypoint.obj
e:\arxproject3\x64\debug\adskarxproject3.arx
e:\arxproject3\x64\debug\adskarxproject3.pdb
e:\arxproject3\arxproject3\x64\debug\arxproject3.res
e:\arxproject3\arxproject3\x64\debug\adskarxproject3.lib
e:\arxproject3\arxproject3\x64\debug\adskarxproject3.exp
e:\arxproject3\arxproject3\x64\debug\adskarxproject3.ipdb
e:\arxproject3\arxproject3\x64\debug\adskarxproject3.iobj
e:\arxproject3\arxproject3\x64\debug\arxproject3.tlog\cl.command.1.tlog
e:\arxproject3\arxproject3\x64\debug\arxproject3.tlog\cl.items.tlog
e:\arxproject3\arxproject3\x64\debug\arxproject3.tlog\cl.read.1.tlog
e:\arxproject3\arxproject3\x64\debug\arxproject3.tlog\cl.write.1.tlog
e:\arxproject3\arxproject3\x64\debug\arxproject3.tlog\link.command.1.tlog
e:\arxproject3\arxproject3\x64\debug\arxproject3.tlog\link.read.1.tlog
e:\arxproject3\arxproject3\x64\debug\arxproject3.tlog\link.secondary.1.tlog
e:\arxproject3\arxproject3\x64\debug\arxproject3.tlog\link.write.1.tlog
e:\arxproject3\arxproject3\x64\debug\arxproject3.tlog\rc.command.1.tlog
e:\arxproject3\arxproject3\x64\debug\arxproject3.tlog\rc.read.1.tlog
e:\arxproject3\arxproject3\x64\debug\arxproject3.tlog\rc.write.1.tlog
